#
# There is insufficient memory for the Java Runtime Environment to continue.
# Native memory allocation (mmap) failed to map 536870912 bytes for G1 virtual space
# Possible reasons:
#   The system is out of physical RAM or swap space
#   The process is running with CompressedOops enabled, and the Java Heap may be blocking the growth of the native heap
# Possible solutions:
#   Reduce memory load on the system
#   Increase physical memory or swap space
#   Check if swap backing store is full
#   Decrease Java heap size (-Xmx/-Xms)
#   Decrease number of Java threads
#   Decrease Java thread stack sizes (-Xss)
#   Set larger code cache with -XX:ReservedCodeCacheSize=
#   JVM is running with Zero Based Compressed Oops mode in which the Java heap is
#     placed in the first 32GB address space. The Java Heap base address is the
#     maximum limit for the native heap growth. Please use -XX:HeapBaseMinAddress
#     to set the Java Heap base and to place the Java Heap above 32GB virtual address.
# This output file may be truncated or incomplete.
#
#  Out of Memory Error (os_windows.cpp:3532), pid=16412, tid=5592
#
# JRE version:  (17.0.2+8) (build )
# Java VM: Java HotSpot(TM) 64-Bit Server VM (17.0.2+8-LTS-86, mixed mode, sharing, tiered, compressed oops, compressed class ptrs, g1 gc, windows-amd64)
# No core dump will be written. Minidumps are not enabled by default on client versions of Windows
#

---------------  S U M M A R Y ------------

Command Line: -Dclassworlds.conf=C:\Program Files\NetBeans-19\netbeans\java\maven\bin\m2.conf -Dmaven.home=C:\Program Files\NetBeans-19\netbeans\java\maven -Dlibrary.jansi.path=C:\Program Files\NetBeans-19\netbeans\java\maven\lib\jansi-native -Dmaven.multiModuleProjectDirectory=C:\Users\SENA\Documents\ProjectoPizzeria org.codehaus.plexus.classworlds.launcher.Launcher -Dexec.vmArgs= -Dexec.args=${exec.vmArgs} -classpath %classpath ${exec.mainClass} ${exec.appArgs} -Dexec.executable=C:\Program Files\Java\jdk-17.0.2\bin\java.exe -Dexec.mainClass=View.Login -Dexec.classpathScope=runtime -Dexec.appArgs= -Dmaven.ext.class.path=C:\Program Files\NetBeans-19\netbeans\java\maven-nblib\netbeans-eventspy.jar -Dfile.encoding=UTF-8 --no-transfer-progress process-classes org.codehaus.mojo:exec-maven-plugin:3.1.0:exec

Host: Intel(R) Core(TM) i7-9700 CPU @ 3.00GHz, 8 cores, 31G,  Windows 10 , 64 bit Build 19041 (10.0.19041.3636)
Time: Tue May 21 12:19:21 2024 Hora est. Pacífico, Sudamérica elapsed time: 0.011146 seconds (0d 0h 0m 0s)

---------------  T H R E A D  ---------------

Current thread (0x000001b07abc8f80):  JavaThread "Unknown thread" [_thread_in_vm, id=5592, stack(0x0000004172b00000,0x0000004172c00000)]

Stack: [0x0000004172b00000,0x0000004172c00000]
Native frames: (J=compiled Java code, j=interpreted, Vv=VM code, C=native code)
V  [jvm.dll+0x670baa]
V  [jvm.dll+0x7cfcb4]
V  [jvm.dll+0x7d145e]
V  [jvm.dll+0x7d1ac3]
V  [jvm.dll+0x242bc5]
V  [jvm.dll+0x66dac9]
V  [jvm.dll+0x662412]
V  [jvm.dll+0x300c0b]
V  [jvm.dll+0x3081a6]
V  [jvm.dll+0x357d0e]
V  [jvm.dll+0x357f3f]
V  [jvm.dll+0x2d7ec8]
V  [jvm.dll+0x2d8e34]
V  [jvm.dll+0x7a18c1]
V  [jvm.dll+0x365a91]
V  [jvm.dll+0x780d2c]
V  [jvm.dll+0x3e845f]
V  [jvm.dll+0x3e9f01]
C  [jli.dll+0x527b]
C  [ucrtbase.dll+0x21bb2]
C  [KERNEL32.DLL+0x17344]
C  [ntdll.dll+0x526b1]


---------------  P R O C E S S  ---------------

Threads class SMR info:
_java_thread_list=0x00007ffc0c259858, length=0, elements={
}

Java Threads: ( => current thread )

Other Threads:
  0x000001b07ac3c8c0 GCTaskThread "GC Thread#0" [stack: 0x0000004172c00000,0x0000004172d00000] [id=17484]
  0x000001b07ac4d590 ConcurrentGCThread "G1 Main Marker" [stack: 0x0000004172d00000,0x0000004172e00000] [id=7528]
  0x000001b07ac4deb0 ConcurrentGCThread "G1 Conc#0" [stack: 0x0000004172e00000,0x0000004172f00000] [id=10340]

[error occurred during error reporting (printing all threads), id 0xc0000005, EXCEPTION_ACCESS_VIOLATION (0xc0000005) at pc=0x00007ffc0baa88a7]

VM state: not at safepoint (not fully initialized)

VM Mutex/Monitor currently owned by a thread:  ([mutex/lock_event])
[0x000001b07abc3fb0] Heap_lock - owner thread: 0x000001b07abc8f80

Heap address: 0x0000000603000000, size: 8144 MB, Compressed Oops mode: Zero based, Oop shift amount: 3

CDS archive(s) mapped at: [0x0000000000000000-0x0000000000000000-0x0000000000000000), size 0, SharedBaseAddress: 0x0000000800000000, ArchiveRelocationMode: 0.
Narrow klass base: 0x0000000000000000, Narrow klass shift: 0, Narrow klass range: 0x0

GC Precious Log:
<Empty>

Heap:
 garbage-first heap   total 0K, used 0K [0x0000000603000000, 0x0000000800000000)
  region size 4096K, 0 young (0K), 0 survivors (0K)

[error occurred during error reporting (printing heap information), id 0xc0000005, EXCEPTION_ACCESS_VIOLATION (0xc0000005) at pc=0x00007ffc0be89f19]

GC Heap History (0 events):
No events

Deoptimization events (0 events):
No events

Classes unloaded (0 events):
No events

Classes redefined (0 events):
No events

Internal exceptions (0 events):
No events

VM Operations (0 events):
No events

Events (1 events):
Event: 0.006 Loaded shared library C:\Program Files\Java\jdk-17.0.2\bin\java.dll


Dynamic libraries:
0x00007ff614de0000 - 0x00007ff614df0000 	C:\Program Files\Java\jdk-17.0.2\bin\java.exe
0x00007ffc5dbd0000 - 0x00007ffc5ddc8000 	C:\Windows\SYSTEM32\ntdll.dll
0x00007ffc5cea0000 - 0x00007ffc5cf5d000 	C:\Windows\System32\KERNEL32.DLL
0x00007ffc5b320000 - 0x00007ffc5b616000 	C:\Windows\System32\KERNELBASE.dll
0x00007ffc5bb00000 - 0x00007ffc5bc00000 	C:\Windows\System32\ucrtbase.dll
0x00007ffc537c0000 - 0x00007ffc537d8000 	C:\Program Files\Java\jdk-17.0.2\bin\jli.dll
0x00007ffc5d1e0000 - 0x00007ffc5d290000 	C:\Windows\System32\ADVAPI32.dll
0x00007ffc479b0000 - 0x00007ffc479ca000 	C:\Program Files\Java\jdk-17.0.2\bin\VCRUNTIME140.dll
0x00007ffc5bda0000 - 0x00007ffc5be3e000 	C:\Windows\System32\msvcrt.dll
0x00007ffc5dae0000 - 0x00007ffc5db80000 	C:\Windows\System32\sechost.dll
0x00007ffc5d510000 - 0x00007ffc5d633000 	C:\Windows\System32\RPCRT4.dll
0x00007ffc5b6d0000 - 0x00007ffc5b6f7000 	C:\Windows\System32\bcrypt.dll
0x00007ffc5bc00000 - 0x00007ffc5bd9f000 	C:\Windows\System32\USER32.dll
0x00007ffc5b980000 - 0x00007ffc5b9a2000 	C:\Windows\System32\win32u.dll
0x00007ffc32030000 - 0x00007ffc322ca000 	C:\Windows\WinSxS\amd64_microsoft.windows.common-controls_6595b64144ccf1df_6.0.19041.4355_none_60b8b9eb71f62e16\COMCTL32.dll
0x00007ffc5dab0000 - 0x00007ffc5dadb000 	C:\Windows\System32\GDI32.dll
0x00007ffc5b700000 - 0x00007ffc5b817000 	C:\Windows\System32\gdi32full.dll
0x00007ffc5b280000 - 0x00007ffc5b31d000 	C:\Windows\System32\msvcp_win.dll
0x00007ffc53a40000 - 0x00007ffc53a4a000 	C:\Windows\SYSTEM32\VERSION.dll
0x00007ffc5d9c0000 - 0x00007ffc5d9f2000 	C:\Windows\System32\IMM32.DLL
0x00007ffc56f00000 - 0x00007ffc56f0c000 	C:\Program Files\Java\jdk-17.0.2\bin\vcruntime140_1.dll
0x00007ffc27d60000 - 0x00007ffc27ded000 	C:\Program Files\Java\jdk-17.0.2\bin\msvcp140.dll
0x00007ffc0b7c0000 - 0x00007ffc0c381000 	C:\Program Files\Java\jdk-17.0.2\bin\server\jvm.dll
0x00007ffc5db80000 - 0x00007ffc5db88000 	C:\Windows\System32\PSAPI.DLL
0x00007ffc38d20000 - 0x00007ffc38d29000 	C:\Windows\SYSTEM32\WSOCK32.dll
0x00007ffc3b760000 - 0x00007ffc3b787000 	C:\Windows\SYSTEM32\WINMM.dll
0x00007ffc5d3f0000 - 0x00007ffc5d45b000 	C:\Windows\System32\WS2_32.dll
0x00007ffc59120000 - 0x00007ffc59132000 	C:\Windows\SYSTEM32\kernel.appcore.dll
0x00007ffc537f0000 - 0x00007ffc537fa000 	C:\Program Files\Java\jdk-17.0.2\bin\jimage.dll
0x00007ffc36a00000 - 0x00007ffc36be4000 	C:\Windows\SYSTEM32\DBGHELP.DLL
0x00007ffc36ce0000 - 0x00007ffc36d14000 	C:\Windows\SYSTEM32\dbgcore.DLL
0x00007ffc5b9b0000 - 0x00007ffc5ba32000 	C:\Windows\System32\bcryptPrimitives.dll
0x00007ffc2b980000 - 0x00007ffc2b9a5000 	C:\Program Files\Java\jdk-17.0.2\bin\java.dll

dbghelp: loaded successfully - version: 4.0.5 - missing functions: none
symbol engine: initialized successfully - sym options: 0x614 - pdb path: .;C:\Program Files\Java\jdk-17.0.2\bin;C:\Windows\SYSTEM32;C:\Windows\WinSxS\amd64_microsoft.windows.common-controls_6595b64144ccf1df_6.0.19041.4355_none_60b8b9eb71f62e16;C:\Program Files\Java\jdk-17.0.2\bin\server

VM Arguments:
jvm_args: -Dclassworlds.conf=C:\Program Files\NetBeans-19\netbeans\java\maven\bin\m2.conf -Dmaven.home=C:\Program Files\NetBeans-19\netbeans\java\maven -Dlibrary.jansi.path=C:\Program Files\NetBeans-19\netbeans\java\maven\lib\jansi-native -Dmaven.multiModuleProjectDirectory=C:\Users\SENA\Documents\ProjectoPizzeria 
java_command: org.codehaus.plexus.classworlds.launcher.Launcher -Dexec.vmArgs= -Dexec.args=${exec.vmArgs} -classpath %classpath ${exec.mainClass} ${exec.appArgs} -Dexec.executable=C:\Program Files\Java\jdk-17.0.2\bin\java.exe -Dexec.mainClass=View.Login -Dexec.classpathScope=runtime -Dexec.appArgs= -Dmaven.ext.class.path=C:\Program Files\NetBeans-19\netbeans\java\maven-nblib\netbeans-eventspy.jar -Dfile.encoding=UTF-8 --no-transfer-progress process-classes org.codehaus.mojo:exec-maven-plugin:3.1.0:exec
java_class_path (initial): C:\Program Files\NetBeans-19\netbeans\java\maven\boot\plexus-classworlds-2.7.0.jar
Launcher Type: SUN_STANDARD

[Global flags]
     intx CICompilerCount                          = 4                                         {product} {ergonomic}
     uint ConcGCThreads                            = 2                                         {product} {ergonomic}
     uint G1ConcRefinementThreads                  = 8                                         {product} {ergonomic}
   size_t G1HeapRegionSize                         = 4194304                                   {product} {ergonomic}
    uintx GCDrainStackTargetSize                   = 64                                        {product} {ergonomic}
   size_t InitialHeapSize                          = 536870912                                 {product} {ergonomic}
   size_t MarkStackSize                            = 4194304                                   {product} {ergonomic}
   size_t MaxHeapSize                              = 8539602944                                {product} {ergonomic}
   size_t MinHeapDeltaBytes                        = 4194304                                   {product} {ergonomic}
   size_t MinHeapSize                              = 8388608                                   {product} {ergonomic}
    uintx NonNMethodCodeHeapSize                   = 5839372                                {pd product} {ergonomic}
    uintx NonProfiledCodeHeapSize                  = 122909434                              {pd product} {ergonomic}
    uintx ProfiledCodeHeapSize                     = 122909434                              {pd product} {ergonomic}
    uintx ReservedCodeCacheSize                    = 251658240                              {pd product} {ergonomic}
     bool SegmentedCodeCache                       = true                                      {product} {ergonomic}
   size_t SoftMaxHeapSize                          = 8539602944                             {manageable} {ergonomic}
     bool UseCompressedClassPointers               = true                           {product lp64_product} {ergonomic}
     bool UseCompressedOops                        = true                           {product lp64_product} {ergonomic}
     bool UseG1GC                                  = true                                      {product} {ergonomic}
     bool UseLargePagesIndividualAllocation        = false                                  {pd product} {ergonomic}

Logging:
Log output configuration:
 #0: stdout all=warning uptime,level,tags
 #1: stderr all=off uptime,level,tags

Environment Variables:
JAVA_HOME=C:\Program Files\Java\jdk-17.0.2
PATH=C:\Program Files\Common Files\Oracle\Java\javapath;C:\Windows\system32;C:\Windows;C:\Windows\System32\Wbem;C:\Windows\System32\WindowsPowerShell\v1.0\;C:\Windows\System32\OpenSSH\;C:\Program Files\Microsoft SQL Server\Client SDK\ODBC\170\Tools\Binn\;C:\Program Files (x86)\Microsoft SQL Server\150\Tools\Binn\;C:\Program Files\Microsoft SQL Server\150\Tools\Binn\;C:\Program Files\Microsoft SQL Server\150\DTS\Binn\;C:\Program Files\Azure Data Studio\bin;C:\Program Files\dotnet\;C:\Program Files (x86)\dotnet\;C:\SQLite;C:\Program Files\Git\cmd;C:\Program Files (x86)\Microsoft SQL Server\160\DTS\Binn\;C:\Program Files\nodejs\;C:\xampp\php;C:\ProgramData\ComposerSetup\bin;C:\apache-maven-3.9.3-bin\bin;C:\Users\SENA\AppData\Local\Programs\Python\Python312\Scripts\;C:\Users\SENA\AppData\Local\Programs\Python\Python312\;C:\Users\SENA\.console-ninja\.bin;C:\Users\SENA\AppData\Local\Microsoft\WindowsApps;;C:\Users\SENA\AppData\Local\Programs\Microsoft VS Code\bin
USERNAME=SENA
OS=Windows_NT
PROCESSOR_IDENTIFIER=Intel64 Family 6 Model 158 Stepping 13, GenuineIntel



---------------  S Y S T E M  ---------------

OS:
 Windows 10 , 64 bit Build 19041 (10.0.19041.3636)
OS uptime: 3 days 4:42 hours

CPU: total 8 (initial active 8) (8 cores per cpu, 1 threads per core) family 6 model 158 stepping 13 microcode 0xfa, cx8, cmov, fxsr, mmx, 3dnowpref, sse, sse2, sse3, ssse3, sse4.1, sse4.2, popcnt, lzcnt, tsc, tscinvbit, avx, avx2, aes, erms, clmul, bmi1, bmi2, adx, fma, vzeroupper, clflush, clflushopt

Memory: 4k page, system-wide physical 32565M (977M free)
TotalPageFile size 88729M (AvailPageFile size 207M)
current process WorkingSet (physical memory assigned to process): 10M, peak: 10M
current process commit charge ("private bytes"): 60M, peak: 572M

vm_info: Java HotSpot(TM) 64-Bit Server VM (17.0.2+8-LTS-86) for windows-amd64 JRE (17.0.2+8-LTS-86), built on Dec  7 2021 21:51:03 by "mach5one" with MS VC++ 16.8 / 16.9 (VS2019)

END.
